<?xml version="1.0" encoding="UTF-8" ?>
<testsuite tests="38" failures="0" name="BoxTest" time="0.104" errors="0" skipped="0">
  <properties>
[...]
</properties>
  <testcase classname="BoxTest" name="UnitTest10" time="0.002"/>
  <testcase classname="BoxTest" name="UnitTest11" time="0"/>
  <testcase classname="BoxTest" name="UnitTest12" time="0"/>
  <testcase classname="BoxTest" name="UnitTest13" time="0.001"/>
  <testcase classname="BoxTest" name="UnitTest14" time="0.002"/>
  <testcase classname="BoxTest" name="UnitTest15" time="0.008"/>
  <testcase classname="BoxTest" name="UnitTest16" time="0"/>
  <testcase classname="BoxTest" name="UnitTest17" time="0"/>
  <testcase classname="BoxTest" name="UnitTest18" time="0.002"/>
  <testcase classname="BoxTest" name="UnitTest19" time="0"/>
  <testcase classname="BoxTest" name="UnitTest20" time="0"/>
  <testcase classname="BoxTest" name="UnitTest21" time="0"/>
  <testcase classname="BoxTest" name="UnitTest22" time="0.002"/>
  <testcase classname="BoxTest" name="UnitTest23" time="0.001"/>
  <testcase classname="BoxTest" name="UnitTest24" time="0.001"/>
  <testcase classname="BoxTest" name="UnitTest25" time="0.001"/>
  <testcase classname="BoxTest" name="UnitTest26" time="0.001"/>
  <testcase classname="BoxTest" name="UnitTest27" time="0"/>
  <testcase classname="BoxTest" name="UnitTest28" time="0.001"/>
  <testcase classname="BoxTest" name="UnitTest29" time="0.005"/>
  <testcase classname="BoxTest" name="UnitTest30" time="0.006"/>
  <testcase classname="BoxTest" name="UnitTest31" time="0.001"/>
  <testcase classname="BoxTest" name="UnitTest32" time="0"/>
  <testcase classname="BoxTest" name="Box1" time="0.001"/>
  <testcase classname="BoxTest" name="Box2" time="0.002"/>
  <testcase classname="BoxTest" name="Box3" time="0.001"/>
  <testcase classname="BoxTest" name="Box4" time="0.001"/>
  <testcase classname="BoxTest" name="Box5" time="0.001"/>
  <testcase classname="BoxTest" name="Box6" time="0.002"/>
  <testcase classname="BoxTest" name="UnitTest1" time="0.002"/>
  <testcase classname="BoxTest" name="UnitTest2" time="0.001"/>
  <testcase classname="BoxTest" name="UnitTest3" time="0.004"/>
  <testcase classname="BoxTest" name="UnitTest4" time="0.015"/>
  <testcase classname="BoxTest" name="UnitTest5" time="0.013"/>
  <testcase classname="BoxTest" name="UnitTest6" time="0.013"/>
  <testcase classname="BoxTest" name="UnitTest7" time="0.001"/>
  <testcase classname="BoxTest" name="UnitTest8" time="0.011"/>
  <testcase classname="BoxTest" name="UnitTest9" time="0.002"/>
</testsuite>