<?xml version="1.0" encoding="UTF-8" ?>
<testsuite tests="18" failures="0" name="BoxTest" time="0.019" errors="0" skipped="0">
  <properties>
[...]
</properties>
  <testcase classname="BoxTest" name="UnitTest10" time="0"/>
  <testcase classname="BoxTest" name="UnitTest11" time="0"/>
  <testcase classname="BoxTest" name="UnitTest12" time="0"/>
  <testcase classname="BoxTest" name="Box1" time="0"/>
  <testcase classname="BoxTest" name="Box2" time="0"/>
  <testcase classname="BoxTest" name="Box3" time="0.01"/>
  <testcase classname="BoxTest" name="Box4" time="0"/>
  <testcase classname="BoxTest" name="Box5" time="0"/>
  <testcase classname="BoxTest" name="Box6" time="0"/>
  <testcase classname="BoxTest" name="UnitTest1" time="0"/>
  <testcase classname="BoxTest" name="UnitTest2" time="0"/>
  <testcase classname="BoxTest" name="UnitTest3" time="0"/>
  <testcase classname="BoxTest" name="UnitTest4" time="0"/>
  <testcase classname="BoxTest" name="UnitTest5" time="0"/>
  <testcase classname="BoxTest" name="UnitTest6" time="0.009"/>
  <testcase classname="BoxTest" name="UnitTest7" time="0"/>
  <testcase classname="BoxTest" name="UnitTest8" time="0"/>
  <testcase classname="BoxTest" name="UnitTest9" time="0"/>
</testsuite>